<?xml version="1.0" encoding="UTF-8"?>
<testng-results ignored="2" total="3" passed="0" failed="1" skipped="0">
  <reporter-output>
  </reporter-output>
  <suite started-at="2022-07-27T21:21:04 IST" name="Default suite" finished-at="2022-07-27T21:23:12 IST" duration-ms="128325">
    <groups>
    </groups>
    <test started-at="2022-07-27T21:21:04 IST" name="Default test" finished-at="2022-07-27T21:23:12 IST" duration-ms="128325">
      <class name="com.iris22a.ProductTests">
        <test-method is-config="true" signature="setUp(java.lang.String)[pri:0, instance:com.iris22a.ProductTests@cc43f62]" started-at="2022-07-27T21:21:04 IST" name="setUp" finished-at="2022-07-27T21:22:12 IST" duration-ms="68082" status="PASS">
          <params>
            <param index="0">
              <value is-null="true"/>
            </param>
          </params>
          <reporter-output>
          </reporter-output>
        </test-method> <!-- setUp -->
        <test-method signature="VerifyItemCountOfCasualShirts()[pri:0, instance:com.iris22a.ProductTests@cc43f62]" started-at="2022-07-27T21:22:12 IST" name="VerifyItemCountOfCasualShirts" finished-at="2022-07-27T21:23:07 IST" duration-ms="54891" status="FAIL">
          <exception class="java.lang.IllegalStateException">
            <message>
              <![CDATA[No match found]]>
            </message>
            <full-stacktrace>
              <![CDATA[java.lang.IllegalStateException: No match found
at java.base/java.util.regex.Matcher.group(Matcher.java:644)
at java.base/java.util.regex.Matcher.group(Matcher.java:603)
at com.iris22a.pages.CasualShirtsPage.getItemCount(CasualShirtsPage.java:19)
at com.iris22a.ProductTests.VerifyItemCountOfCasualShirts(ProductTests.java:66)
at java.base/jdk.internal.reflect.NativeMethodAccessorImpl.invoke0(Native Method)
at java.base/jdk.internal.reflect.NativeMethodAccessorImpl.invoke(NativeMethodAccessorImpl.java:77)
at java.base/jdk.internal.reflect.DelegatingMethodAccessorImpl.invoke(DelegatingMethodAccessorImpl.java:43)
at java.base/java.lang.reflect.Method.invoke(Method.java:568)
at org.testng.internal.MethodInvocationHelper.invokeMethod(MethodInvocationHelper.java:134)
at org.testng.internal.TestInvoker.invokeMethod(TestInvoker.java:597)
at org.testng.internal.TestInvoker.invokeTestMethod(TestInvoker.java:173)
at org.testng.internal.MethodRunner.runInSequence(MethodRunner.java:46)
at org.testng.internal.TestInvoker$MethodInvocationAgent.invoke(TestInvoker.java:816)
at org.testng.internal.TestInvoker.invokeTestMethods(TestInvoker.java:146)
at org.testng.internal.TestMethodWorker.invokeTestMethods(TestMethodWorker.java:146)
at org.testng.internal.TestMethodWorker.run(TestMethodWorker.java:128)
at java.base/java.util.ArrayList.forEach(ArrayList.java:1511)
at org.testng.TestRunner.privateRun(TestRunner.java:766)
at org.testng.TestRunner.run(TestRunner.java:587)
at org.testng.SuiteRunner.runTest(SuiteRunner.java:384)
at org.testng.SuiteRunner.runSequentially(SuiteRunner.java:378)
at org.testng.SuiteRunner.privateRun(SuiteRunner.java:337)
at org.testng.SuiteRunner.run(SuiteRunner.java:286)
at org.testng.SuiteRunnerWorker.runSuite(SuiteRunnerWorker.java:53)
at org.testng.SuiteRunnerWorker.run(SuiteRunnerWorker.java:96)
at org.testng.TestNG.runSuitesSequentially(TestNG.java:1187)
at org.testng.TestNG.runSuitesLocally(TestNG.java:1109)
at org.testng.TestNG.runSuites(TestNG.java:1039)
at org.testng.TestNG.run(TestNG.java:1007)
at org.testng.remote.AbstractRemoteTestNG.run(AbstractRemoteTestNG.java:115)
at org.testng.remote.RemoteTestNG.initAndRun(RemoteTestNG.java:251)
at org.testng.remote.RemoteTestNG.main(RemoteTestNG.java:77)
]]>
            </full-stacktrace>
          </exception> <!-- java.lang.IllegalStateException -->
          <reporter-output>
          </reporter-output>
        </test-method> <!-- VerifyItemCountOfCasualShirts -->
        <test-method is-config="true" signature="tearDown()[pri:0, instance:com.iris22a.ProductTests@cc43f62]" started-at="2022-07-27T21:23:07 IST" name="tearDown" finished-at="2022-07-27T21:23:12 IST" duration-ms="4722" status="PASS">
          <reporter-output>
          </reporter-output>
        </test-method> <!-- tearDown -->
      </class> <!-- com.iris22a.ProductTests -->
    </test> <!-- Default test -->
  </suite> <!-- Default suite -->
</testng-results>
